10/03/2016 16:57:54 - RFID tag detected: mandi
10/03/2016 16:58:00 - RFID tag detected: mandi
10/03/2016 16:58:00 - Double RFID detection within last 12 hours: mandi
10/03/2016 11:17:38 - Double RFID detection within last 12 hours: 
10/03/2016 11:17:38 - RFID tag detected: 
10/03/2016 11:17:38 - RFID tag detected: 
10/03/2016 11:17:38 - Double RFID detection within last 12 hours: 
10/03/2016 11:17:38 - Double RFID detection within last 12 hours: pippo
10/03/2016 11:17:38 - RFID tag detected: pippo
10/03/2016 11:17:38 - RFID tag detected: pippo
10/03/2016 11:17:38 - RFID tag detected: pippo
10/03/2016 11:17:38 - RFID tag detected: pippo
10/03/2016 11:17:38 - Double RFID detection within last 12 hours: pippo
10/03/2016 11:17:38 - Double RFID detection within last 12 hours: pippo
10/03/2016 11:17:38 - Double RFID detection within last 12 hours: pippo
10/03/2016 11:17:38 - Double RFID detection within last 12 hours: pippo
10/03/2016 11:17:38 - Double RFID detection within last 12 hours: pippo
10/03/2016 11:17:38 - RFID tag detected: pippo
10/03/2016 11:17:38 - RFID tag detected: pippo
10/03/2016 11:17:38 - RFID tag detected: pippo
10/03/2016 11:17:38 - RFID tag detected: pippo
10/03/2016 11:17:38 - Double RFID detection within last 12 hours: pippo
10/03/2016 11:17:38 - Double RFID detection within last 12 hours: pippo
10/03/2016 11:17:38 - RFID tag detected: pippo
11/03/2016 12:29:07 - RFID tag detected: mandi
11/03/2016 12:29:14 - RFID tag detected: mandi
11/03/2016 12:29:14 - Double RFID detection within last 12 hours: mandi
11/03/2016 12:29:27 - RFID tag detected: mandi
11/03/2016 12:29:27 - Double RFID detection within last 12 hours: mandi
11/03/2016 12:29:43 - RFID tag detected: mandi
11/03/2016 12:29:43 - Double RFID detection within last 12 hours: mandi
11/03/2016 12:29:46 - RFID tag detected: mandi
11/03/2016 12:29:46 - Double RFID detection within last 12 hours: mandi
11/03/2016 12:30:04 - RFID tag detected: mandi
11/03/2016 12:30:04 - Double RFID detection within last 12 hours: mandi
11/03/2016 12:30:36 - RFID tag detected: mandi
11/03/2016 12:30:42 - RFID tag detected: mandi
11/03/2016 12:30:42 - Double RFID detection within last 12 hours: mandi
11/03/2016 12:30:53 - RFID tag detected: mandi
11/03/2016 12:30:53 - Double RFID detection within last 12 hours: mandi
11/03/2016 12:31:01 - RFID tag detected: mandi
11/03/2016 12:31:01 - Double RFID detection within last 12 hours: mandi
11/03/2016 12:31:02 - RFID tag detected: mandi
11/03/2016 12:31:02 - Double RFID detection within last 12 hours: mandi
11/03/2016 12:31:07 - RFID tag detected: mandi
11/03/2016 12:31:07 - Double RFID detection within last 12 hours: mandi
11/03/2016 12:31:17 - RFID tag detected: mandi
11/03/2016 12:31:17 - Double RFID detection within last 12 hours: mandi
11/03/2016 12:31:19 - RFID tag detected: mandi
11/03/2016 12:31:19 - Double RFID detection within last 12 hours: mandi
11/03/2016 12:31:31 - RFID tag detected: mandi
11/03/2016 12:31:32 - Double RFID detection within last 12 hours: mandi
11/03/2016 12:31:45 - RFID tag detected: mandi
11/03/2016 12:31:45 - Double RFID detection within last 12 hours: mandi
11/03/2016 12:31:46 - RFID tag detected: mandi
11/03/2016 12:31:46 - Double RFID detection within last 12 hours: mandi
11/03/2016 12:31:47 - RFID tag detected: mandi
11/03/2016 12:31:47 - Double RFID detection within last 12 hours: mandi
11/03/2016 12:31:51 - RFID tag detected: mandi
11/03/2016 12:31:51 - Double RFID detection within last 12 hours: mandi
11/03/2016 12:31:53 - RFID tag detected: mandi
11/03/2016 12:31:53 - Double RFID detection within last 12 hours: mandi
11/03/2016 12:31:55 - RFID tag detected: mandi
11/03/2016 12:31:55 - Double RFID detection within last 12 hours: mandi
11/03/2016 12:31:58 - RFID tag detected: mandi
11/03/2016 12:31:58 - Double RFID detection within last 12 hours: mandi
11/03/2016 12:32:03 - RFID tag detected: mandi
11/03/2016 12:32:03 - Double RFID detection within last 12 hours: mandi
11/03/2016 12:32:04 - RFID tag detected: mandi
11/03/2016 12:32:04 - Double RFID detection within last 12 hours: mandi
11/03/2016 12:35:10 - RFID tag detected: mandi
11/03/2016 12:35:14 - RFID tag detected: mandi
11/03/2016 12:35:14 - Double RFID detection within last 12 hours: mandi
11/03/2016 12:35:23 - RFID tag detected: mandi
11/03/2016 12:35:24 - Double RFID detection within last 12 hours: mandi
11/03/2016 12:35:36 - RFID tag detected: mandi
11/03/2016 12:35:36 - Double RFID detection within last 12 hours: mandi
11/03/2016 12:35:41 - RFID tag detected: mandi
11/03/2016 12:35:41 - Double RFID detection within last 12 hours: mandi
11/03/2016 12:35:44 - RFID tag detected: mandi
11/03/2016 12:35:44 - Double RFID detection within last 12 hours: mandi
11/03/2016 12:38:28 - RFID tag detected: mandi
11/03/2016 13:03:07 - RFID tag detected: mandi
11/03/2016 13:03:10 - RFID tag detected: mandi
11/03/2016 13:03:10 - Double RFID detection within last 12 hours: mandi
11/03/2016 13:28:14 - RFID tag detected: mandi
11/03/2016 13:28:15 - RFID tag detected: mandi
11/03/2016 13:28:15 - Double RFID detection within last 12 hours: mandi
11/03/2016 13:28:18 - RFID tag detected: mandi
11/03/2016 13:28:18 - Double RFID detection within last 12 hours: mandi
11/03/2016 13:28:27 - RFID tag detected: mandi
11/03/2016 13:28:27 - Double RFID detection within last 12 hours: mandi
11/03/2016 13:32:49 - RFID tag detected: mandi
11/03/2016 13:32:55 - RFID tag detected: mandi
11/03/2016 13:32:55 - Double RFID detection within last 12 hours: mandi
11/03/2016 13:32:58 - RFID tag detected: mandi
11/03/2016 13:32:58 - Double RFID detection within last 12 hours: mandi
11/03/2016 13:33:00 - RFID tag detected: mandi
11/03/2016 13:33:00 - Double RFID detection within last 12 hours: mandi
11/03/2016 13:33:01 - RFID tag detected: mandi
11/03/2016 13:33:01 - Double RFID detection within last 12 hours: mandi
11/03/2016 13:33:07 - RFID tag detected: mandi
11/03/2016 13:33:07 - Double RFID detection within last 12 hours: mandi
11/03/2016 13:33:13 - RFID tag detected: mandi
11/03/2016 13:33:13 - Double RFID detection within last 12 hours: mandi
11/03/2016 13:33:16 - RFID tag detected: mandi
11/03/2016 13:33:16 - Double RFID detection within last 12 hours: mandi
11/03/2016 13:41:30 - RFID tag detected: mandi
11/03/2016 13:41:32 - RFID tag detected: mandi
11/03/2016 13:41:32 - Double RFID detection within last 12 hours: mandi
11/03/2016 13:41:34 - RFID tag detected: mandi
11/03/2016 13:41:34 - Double RFID detection within last 12 hours: mandi
11/03/2016 13:41:38 - RFID tag detected: mandi
11/03/2016 13:41:38 - Double RFID detection within last 12 hours: mandi
11/03/2016 13:41:42 - RFID tag detected: mandi
11/03/2016 13:41:42 - Double RFID detection within last 12 hours: mandi
11/03/2016 13:41:45 - RFID tag detected: mandi
11/03/2016 13:41:46 - Double RFID detection within last 12 hours: mandi
11/03/2016 13:41:54 - RFID tag detected: mandi
11/03/2016 13:41:54 - Double RFID detection within last 12 hours: mandi
11/03/2016 13:42:39 - RFID tag detected: mandi
11/03/2016 13:42:45 - RFID tag detected: mandi
11/03/2016 13:42:45 - Double RFID detection within last 12 hours: mandi
11/03/2016 13:42:52 - RFID tag detected: mandi
11/03/2016 13:42:52 - Double RFID detection within last 12 hours: mandi
11/03/2016 13:46:31 - RFID tag detected: mandi
11/03/2016 13:46:36 - RFID tag detected: mandi
11/03/2016 13:46:36 - Double RFID detection within last 12 hours: mandi
11/03/2016 13:46:42 - RFID tag detected: mandi
11/03/2016 13:46:42 - Double RFID detection within last 12 hours: mandi
11/03/2016 13:46:47 - RFID tag detected: mandi
11/03/2016 13:46:47 - Double RFID detection within last 12 hours: mandi
11/03/2016 13:47:36 - RFID tag detected: mandi
11/03/2016 13:47:41 - RFID tag detected: mandi
11/03/2016 13:47:41 - Double RFID detection within last 12 hours: mandi
11/03/2016 13:47:51 - RFID tag detected: mandi
11/03/2016 13:47:51 - Double RFID detection within last 12 hours: mandi
11/03/2016 13:47:56 - RFID tag detected: mandi
11/03/2016 13:47:56 - Double RFID detection within last 12 hours: mandi
11/03/2016 13:48:01 - RFID tag detected: mandi
11/03/2016 13:48:01 - Double RFID detection within last 12 hours: mandi
11/03/2016 13:48:04 - RFID tag detected: mandi
11/03/2016 13:48:04 - Double RFID detection within last 12 hours: mandi
11/03/2016 13:48:08 - RFID tag detected: mandi
11/03/2016 13:48:08 - Double RFID detection within last 12 hours: mandi
11/03/2016 13:56:01 - RFID tag detected: mandi
11/03/2016 13:56:05 - RFID tag detected: mandi
11/03/2016 13:56:06 - Double RFID detection within last 12 hours: mandi
11/03/2016 13:56:15 - RFID tag detected: mandi
11/03/2016 13:56:16 - Double RFID detection within last 12 hours: mandi
11/03/2016 15:40:54 - RFID tag detected: mandi
11/03/2016 15:40:59 - RFID tag detected: mandi
11/03/2016 15:40:59 - Double RFID detection within last 12 hours: mandi
11/03/2016 15:41:01 - RFID tag detected: mandi
11/03/2016 15:41:01 - Double RFID detection within last 12 hours: mandi
11/03/2016 15:41:03 - RFID tag detected: mandi
11/03/2016 15:41:03 - Double RFID detection within last 12 hours: mandi
11/03/2016 15:41:11 - RFID tag detected: mandi
11/03/2016 15:41:11 - Double RFID detection within last 12 hours: mandi
11/03/2016 15:41:12 - RFID tag detected: mandi
11/03/2016 15:41:12 - Double RFID detection within last 12 hours: mandi
11/03/2016 15:41:22 - RFID tag detected: mandi
11/03/2016 15:41:22 - Double RFID detection within last 12 hours: mandi
11/03/2016 16:11:21 - RFID tag detected: mandi
11/03/2016 16:11:22 - RFID tag detected: mandi
11/03/2016 16:11:23 - Double RFID detection within last 12 hours: mandi
11/03/2016 16:11:25 - RFID tag detected: mandi
11/03/2016 16:11:26 - Double RFID detection within last 12 hours: mandi
11/03/2016 16:11:28 - RFID tag detected: mandi
11/03/2016 16:11:28 - Double RFID detection within last 12 hours: mandi
11/03/2016 16:11:32 - RFID tag detected: mandi
11/03/2016 16:11:32 - Double RFID detection within last 12 hours: mandi
11/03/2016 16:29:47 - RFID tag detected: mandi
11/03/2016 16:29:53 - RFID tag detected: mandi
11/03/2016 16:29:53 - Double RFID detection within last 12 hours: mandi
11/03/2016 16:30:00 - RFID tag detected: mandi
11/03/2016 16:30:00 - Double RFID detection within last 12 hours: mandi
11/03/2016 16:30:05 - RFID tag detected: mandi
11/03/2016 16:30:05 - Double RFID detection within last 12 hours: mandi
11/03/2016 16:30:07 - RFID tag detected: mandi
11/03/2016 16:30:07 - Double RFID detection within last 12 hours: mandi
11/03/2016 17:25:32 - RFID tag detected: mandi
11/03/2016 17:25:33 - RFID tag detected: mandi
11/03/2016 17:25:33 - Double RFID detection within last 12 hours: mandi
11/03/2016 17:25:49 - RFID tag detected: mandi
11/03/2016 17:25:49 - Double RFID detection within last 12 hours: mandi
11/03/2016 17:25:54 - RFID tag detected: mandi
11/03/2016 17:25:54 - Double RFID detection within last 12 hours: mandi
11/03/2016 17:27:55 - RFID tag detected: mandi
11/03/2016 17:27:57 - RFID tag detected: mandi
11/03/2016 17:27:57 - Double RFID detection within last 12 hours: mandi
11/03/2016 17:27:58 - RFID tag detected: mandi
11/03/2016 17:27:58 - Double RFID detection within last 12 hours: mandi
11/03/2016 17:28:01 - RFID tag detected: mandi
11/03/2016 17:28:01 - Double RFID detection within last 12 hours: mandi
11/03/2016 17:28:03 - RFID tag detected: mandi
11/03/2016 17:28:03 - Double RFID detection within last 12 hours: mandi
11/03/2016 17:28:05 - RFID tag detected: mandi
11/03/2016 17:28:05 - Double RFID detection within last 12 hours: mandi
11/03/2016 17:28:07 - RFID tag detected: mandi
11/03/2016 17:28:07 - Double RFID detection within last 12 hours: mandi
11/03/2016 17:30:26 - RFID tag detected: mandi
11/03/2016 17:35:21 - RFID tag detected: mandi
11/03/2016 17:35:22 - RFID tag detected: mandi
11/03/2016 17:35:22 - Double RFID detection within last 12 hours: mandi
11/03/2016 17:35:27 - RFID tag detected: mandi
11/03/2016 17:35:27 - Double RFID detection within last 12 hours: mandi
11/03/2016 17:35:29 - RFID tag detected: mandi
11/03/2016 17:35:29 - Double RFID detection within last 12 hours: mandi
11/03/2016 17:35:31 - RFID tag detected: mandi
11/03/2016 17:35:31 - Double RFID detection within last 12 hours: mandi
11/03/2016 17:35:34 - RFID tag detected: mandi
11/03/2016 17:35:34 - Double RFID detection within last 12 hours: mandi
11/03/2016 17:35:50 - RFID tag detected: mandi
11/03/2016 17:35:50 - Double RFID detection within last 12 hours: mandi
11/03/2016 17:36:00 - RFID tag detected: mandi
11/03/2016 17:36:00 - Double RFID detection within last 12 hours: mandi
11/03/2016 17:36:11 - RFID tag detected: mandi
11/03/2016 17:36:11 - Double RFID detection within last 12 hours: mandi
11/03/2016 17:36:14 - RFID tag detected: mandi
11/03/2016 17:36:14 - Double RFID detection within last 12 hours: mandi
11/03/2016 17:36:15 - RFID tag detected: mandi
11/03/2016 17:36:16 - Double RFID detection within last 12 hours: mandi
11/03/2016 17:36:17 - RFID tag detected: mandi
11/03/2016 17:36:18 - Double RFID detection within last 12 hours: mandi
11/03/2016 17:36:19 - RFID tag detected: mandi
11/03/2016 17:36:19 - Double RFID detection within last 12 hours: mandi
11/03/2016 17:36:25 - RFID tag detected: mandi
11/03/2016 17:36:25 - Double RFID detection within last 12 hours: mandi
11/03/2016 17:36:26 - RFID tag detected: mandi
11/03/2016 17:36:27 - Double RFID detection within last 12 hours: mandi
11/03/2016 17:36:28 - RFID tag detected: mandi
11/03/2016 17:36:28 - Double RFID detection within last 12 hours: mandi
11/03/2016 17:36:29 - RFID tag detected: mandi
11/03/2016 17:36:29 - Double RFID detection within last 12 hours: mandi
11/03/2016 17:36:31 - RFID tag detected: mandi
11/03/2016 17:36:31 - Double RFID detection within last 12 hours: mandi
11/03/2016 17:36:32 - RFID tag detected: mandi
11/03/2016 17:36:33 - Double RFID detection within last 12 hours: mandi
11/03/2016 17:36:35 - RFID tag detected: mandi
11/03/2016 17:36:35 - Double RFID detection within last 12 hours: mandi
11/03/2016 17:36:38 - RFID tag detected: mandi
11/03/2016 17:36:38 - Double RFID detection within last 12 hours: mandi
11/03/2016 17:36:39 - RFID tag detected: mandi
11/03/2016 17:36:40 - Double RFID detection within last 12 hours: mandi
11/03/2016 17:36:41 - RFID tag detected: mandi
11/03/2016 17:36:41 - Double RFID detection within last 12 hours: mandi
11/03/2016 17:36:44 - RFID tag detected: mandi
11/03/2016 17:36:44 - Double RFID detection within last 12 hours: mandi
11/03/2016 17:36:52 - RFID tag detected: mandi
11/03/2016 17:36:52 - Double RFID detection within last 12 hours: mandi
11/03/2016 17:36:53 - RFID tag detected: mandi
11/03/2016 17:36:53 - Double RFID detection within last 12 hours: mandi
11/03/2016 17:36:54 - RFID tag detected: mandi
11/03/2016 17:36:54 - Double RFID detection within last 12 hours: mandi
11/03/2016 17:37:01 - RFID tag detected: mandi
11/03/2016 17:37:01 - Double RFID detection within last 12 hours: mandi
11/03/2016 17:37:04 - RFID tag detected: mandi
11/03/2016 17:37:04 - Double RFID detection within last 12 hours: mandi
11/03/2016 17:37:09 - RFID tag detected: mandi
11/03/2016 17:37:09 - Double RFID detection within last 12 hours: mandi
11/03/2016 17:37:13 - RFID tag detected: mandi
11/03/2016 17:37:13 - Double RFID detection within last 12 hours: mandi
11/03/2016 17:37:14 - RFID tag detected: mandi
11/03/2016 17:37:14 - Double RFID detection within last 12 hours: mandi
11/03/2016 17:37:16 - RFID tag detected: mandi
11/03/2016 17:37:16 - Double RFID detection within last 12 hours: mandi
11/03/2016 17:37:18 - RFID tag detected: mandi
11/03/2016 17:37:18 - Double RFID detection within last 12 hours: mandi
11/03/2016 17:37:29 - RFID tag detected: mandi
11/03/2016 17:37:29 - Double RFID detection within last 12 hours: mandi
11/03/2016 17:37:34 - RFID tag detected: mandi
11/03/2016 17:37:34 - Double RFID detection within last 12 hours: mandi
11/03/2016 17:37:36 - RFID tag detected: mandi
11/03/2016 17:37:36 - Double RFID detection within last 12 hours: mandi
11/03/2016 17:37:38 - RFID tag detected: mandi
11/03/2016 17:37:38 - Double RFID detection within last 12 hours: mandi
11/03/2016 17:37:50 - RFID tag detected: mandi
11/03/2016 17:37:50 - Double RFID detection within last 12 hours: mandi
11/03/2016 17:37:52 - RFID tag detected: mandi
11/03/2016 17:37:52 - Double RFID detection within last 12 hours: mandi
11/03/2016 17:37:57 - RFID tag detected: mandi
11/03/2016 17:37:57 - Double RFID detection within last 12 hours: mandi
11/03/2016 17:38:06 - RFID tag detected: mandi
11/03/2016 17:38:06 - Double RFID detection within last 12 hours: mandi
11/03/2016 17:38:08 - RFID tag detected: mandi
11/03/2016 17:38:08 - Double RFID detection within last 12 hours: mandi
11/03/2016 17:38:09 - RFID tag detected: mandi
11/03/2016 17:38:09 - Double RFID detection within last 12 hours: mandi
11/03/2016 17:38:11 - RFID tag detected: mandi
11/03/2016 17:38:11 - Double RFID detection within last 12 hours: mandi
11/03/2016 17:38:13 - RFID tag detected: mandi
11/03/2016 17:38:13 - Double RFID detection within last 12 hours: mandi
11/03/2016 17:38:14 - RFID tag detected: mandi
11/03/2016 17:38:14 - Double RFID detection within last 12 hours: mandi
11/03/2016 17:38:18 - RFID tag detected: mandi
11/03/2016 17:38:18 - Double RFID detection within last 12 hours: mandi
11/03/2016 17:38:19 - RFID tag detected: mandi
11/03/2016 17:38:19 - Double RFID detection within last 12 hours: mandi
11/03/2016 17:38:22 - RFID tag detected: mandi
11/03/2016 17:38:22 - Double RFID detection within last 12 hours: mandi
11/03/2016 17:38:24 - RFID tag detected: mandi
11/03/2016 17:38:24 - Double RFID detection within last 12 hours: mandi
11/03/2016 17:38:27 - RFID tag detected: mandi
11/03/2016 17:38:27 - Double RFID detection within last 12 hours: mandi
11/03/2016 17:38:31 - RFID tag detected: mandi
11/03/2016 17:38:31 - Double RFID detection within last 12 hours: mandi
11/03/2016 17:38:32 - RFID tag detected: mandi
11/03/2016 17:38:33 - Double RFID detection within last 12 hours: mandi
11/03/2016 17:38:47 - RFID tag detected: mandi
11/03/2016 17:38:47 - Double RFID detection within last 12 hours: mandi
11/03/2016 17:47:35 - RFID tag detected: mandi
11/03/2016 17:47:45 - RFID tag detected: mandi
11/03/2016 17:47:45 - Double RFID detection within last 12 hours: mandi
11/03/2016 17:48:19 - RFID tag detected: mandi
11/03/2016 17:48:21 - RFID tag detected: mandi
11/03/2016 17:48:21 - Double RFID detection within last 12 hours: mandi
11/03/2016 17:48:25 - RFID tag detected: mandi
11/03/2016 17:48:25 - Double RFID detection within last 12 hours: mandi
11/03/2016 17:48:30 - RFID tag detected: mandi
11/03/2016 17:48:30 - Double RFID detection within last 12 hours: mandi
11/03/2016 17:48:31 - RFID tag detected: mandi
11/03/2016 17:48:32 - Double RFID detection within last 12 hours: mandi
11/03/2016 17:48:35 - RFID tag detected: mandi
11/03/2016 17:48:35 - Double RFID detection within last 12 hours: mandi
11/03/2016 17:48:39 - RFID tag detected: mandi
11/03/2016 17:48:39 - Double RFID detection within last 12 hours: mandi
11/03/2016 17:48:41 - RFID tag detected: mandi
11/03/2016 17:48:41 - Double RFID detection within last 12 hours: mandi
11/03/2016 17:48:43 - RFID tag detected: mandi
11/03/2016 17:48:43 - Double RFID detection within last 12 hours: mandi
11/03/2016 17:48:57 - RFID tag detected: mandi
11/03/2016 17:48:57 - Double RFID detection within last 12 hours: mandi
11/03/2016 17:48:58 - RFID tag detected: mandi
11/03/2016 17:48:58 - Double RFID detection within last 12 hours: mandi
11/03/2016 17:49:00 - RFID tag detected: mandi
11/03/2016 17:49:00 - Double RFID detection within last 12 hours: mandi
11/03/2016 17:49:02 - RFID tag detected: mandi
11/03/2016 17:49:02 - Double RFID detection within last 12 hours: mandi
11/03/2016 17:49:05 - RFID tag detected: mandi
11/03/2016 17:49:05 - Double RFID detection within last 12 hours: mandi
11/03/2016 17:49:32 - RFID tag detected: mandi
11/03/2016 17:49:35 - RFID tag detected: mandi
11/03/2016 17:49:35 - Double RFID detection within last 12 hours: mandi
11/03/2016 17:49:37 - RFID tag detected: mandi
11/03/2016 17:49:37 - Double RFID detection within last 12 hours: mandi
11/03/2016 17:50:12 - RFID tag detected: mandi
11/03/2016 17:50:14 - RFID tag detected: mandi
11/03/2016 17:50:14 - Double RFID detection within last 12 hours: mandi
11/03/2016 17:50:15 - RFID tag detected: mandi
11/03/2016 17:50:15 - Double RFID detection within last 12 hours: mandi
11/03/2016 17:50:25 - RFID tag detected: mandi
11/03/2016 17:50:25 - Double RFID detection within last 12 hours: mandi
11/03/2016 17:50:43 - RFID tag detected: mandi
11/03/2016 17:50:43 - Double RFID detection within last 12 hours: mandi
11/03/2016 17:50:46 - RFID tag detected: mandi
11/03/2016 17:50:46 - Double RFID detection within last 12 hours: mandi
11/03/2016 17:50:47 - RFID tag detected: mandi
11/03/2016 17:50:47 - Double RFID detection within last 12 hours: mandi
11/03/2016 17:50:50 - RFID tag detected: mandi
11/03/2016 17:50:50 - Double RFID detection within last 12 hours: mandi
11/03/2016 17:51:08 - RFID tag detected: mandi
11/03/2016 17:51:08 - Double RFID detection within last 12 hours: mandi
11/03/2016 17:51:14 - RFID tag detected: mandi
11/03/2016 17:51:14 - Double RFID detection within last 12 hours: mandi
11/03/2016 17:51:20 - RFID tag detected: mandi
11/03/2016 17:51:20 - Double RFID detection within last 12 hours: mandi
11/03/2016 17:51:26 - RFID tag detected: mandi
11/03/2016 17:51:26 - Double RFID detection within last 12 hours: mandi
11/03/2016 17:51:28 - RFID tag detected: mandi
11/03/2016 17:51:28 - Double RFID detection within last 12 hours: mandi
11/03/2016 17:51:33 - RFID tag detected: mandi
11/03/2016 17:51:33 - Double RFID detection within last 12 hours: mandi
11/03/2016 17:54:27 - RFID tag detected: mandi
11/03/2016 17:54:33 - RFID tag detected: mandi
11/03/2016 17:54:34 - Double RFID detection within last 12 hours: mandi
11/03/2016 17:54:35 - RFID tag detected: mandi
11/03/2016 17:54:35 - Double RFID detection within last 12 hours: mandi
11/03/2016 17:55:20 - RFID tag detected: mandi
11/03/2016 17:55:23 - RFID tag detected: mandi
11/03/2016 17:55:23 - Double RFID detection within last 12 hours: mandi
11/03/2016 17:55:25 - RFID tag detected: mandi
11/03/2016 17:55:25 - Double RFID detection within last 12 hours: mandi
11/03/2016 18:14:00 - RFID tag detected: mandi
11/03/2016 18:14:08 - RFID tag detected: mandi
11/03/2016 18:14:08 - Double RFID detection within last 12 hours: mandi
11/03/2016 18:14:14 - RFID tag detected: mandi
11/03/2016 18:14:14 - Double RFID detection within last 12 hours: mandi
11/03/2016 18:14:48 - RFID tag detected: mandi
11/03/2016 18:15:22 - RFID tag detected: mandi
11/03/2016 18:16:27 - RFID tag detected: mandi
11/03/2016 18:16:42 - RFID tag detected: mandi
11/03/2016 18:16:42 - Double RFID detection within last 12 hours: mandi
11/03/2016 18:16:54 - RFID tag detected: mandi
11/03/2016 18:16:54 - Double RFID detection within last 12 hours: mandi
11/03/2016 18:17:25 - RFID tag detected: mandi
11/03/2016 18:17:27 - RFID tag detected: mandi
11/03/2016 18:17:27 - Double RFID detection within last 12 hours: mandi
11/03/2016 18:17:29 - RFID tag detected: mandi
11/03/2016 18:17:29 - Double RFID detection within last 12 hours: mandi
11/03/2016 18:21:48 - RFID tag detected: mandi
11/03/2016 18:21:51 - RFID tag detected: mandi
11/03/2016 18:21:51 - Double RFID detection within last 12 hours: mandi
11/03/2016 18:22:00 - RFID tag detected: mandi
11/03/2016 18:22:01 - Double RFID detection within last 12 hours: mandi
11/03/2016 18:22:02 - RFID tag detected: mandi
11/03/2016 18:22:03 - Double RFID detection within last 12 hours: mandi
11/03/2016 18:23:44 - RFID tag detected: mandi
11/03/2016 18:23:46 - RFID tag detected: mandi
11/03/2016 18:23:46 - Double RFID detection within last 12 hours: mandi
11/03/2016 18:23:48 - RFID tag detected: mandi
11/03/2016 18:23:48 - Double RFID detection within last 12 hours: mandi
11/03/2016 18:23:51 - RFID tag detected: mandi
11/03/2016 18:23:51 - Double RFID detection within last 12 hours: mandi
11/03/2016 18:24:03 - RFID tag detected: mandi
11/03/2016 18:24:03 - Double RFID detection within last 12 hours: mandi
11/03/2016 18:24:23 - RFID tag detected: mandi
11/03/2016 18:24:46 - RFID tag detected: mandi
11/03/2016 18:24:48 - RFID tag detected: mandi
11/03/2016 18:24:48 - Double RFID detection within last 12 hours: mandi
11/03/2016 18:27:00 - RFID tag detected: mandi
11/03/2016 18:27:01 - RFID tag detected: mandi
11/03/2016 18:27:01 - Double RFID detection within last 12 hours: mandi
11/03/2016 18:32:12 - RFID tag detected: mandi
11/03/2016 18:32:22 - RFID tag detected: mandi
11/03/2016 18:32:22 - Double RFID detection within last 12 hours: mandi
11/03/2016 18:32:30 - RFID tag detected: mandi
11/03/2016 18:32:30 - Double RFID detection within last 12 hours: mandi
11/03/2016 18:32:33 - RFID tag detected: mandi
11/03/2016 18:32:33 - Double RFID detection within last 12 hours: mandi
11/03/2016 18:32:41 - RFID tag detected: mandi
11/03/2016 18:32:41 - Double RFID detection within last 12 hours: mandi
11/03/2016 18:32:52 - RFID tag detected: mandi
11/03/2016 18:32:52 - Double RFID detection within last 12 hours: mandi
11/03/2016 18:32:59 - RFID tag detected: mandi
11/03/2016 18:32:59 - Double RFID detection within last 12 hours: mandi
11/03/2016 18:33:08 - RFID tag detected: mandi
11/03/2016 18:33:08 - Double RFID detection within last 12 hours: mandi
11/03/2016 18:33:21 - RFID tag detected: mandi
11/03/2016 18:33:21 - Double RFID detection within last 12 hours: mandi
11/03/2016 18:33:34 - RFID tag detected: mandi
11/03/2016 18:33:34 - Double RFID detection within last 12 hours: mandi
11/03/2016 18:33:41 - RFID tag detected: mandi
11/03/2016 18:33:41 - Double RFID detection within last 12 hours: mandi
11/03/2016 19:19:11 - RFID tag detected: mandi
11/03/2016 19:19:15 - RFID tag detected: mandi
11/03/2016 19:19:16 - Double RFID detection within last 12 hours: mandi
11/03/2016 19:19:19 - RFID tag detected: mandi
11/03/2016 19:19:19 - Double RFID detection within last 12 hours: mandi
11/03/2016 19:19:22 - RFID tag detected: mandi
11/03/2016 19:19:22 - Double RFID detection within last 12 hours: mandi
11/03/2016 19:19:24 - RFID tag detected: mandi
11/03/2016 19:19:24 - Double RFID detection within last 12 hours: mandi
11/03/2016 19:19:26 - RFID tag detected: mandi
11/03/2016 19:19:26 - Double RFID detection within last 12 hours: mandi
11/03/2016 19:32:50 - RFID tag detected: mandi
11/03/2016 19:32:51 - RFID tag detected: mandi
11/03/2016 19:32:51 - Double RFID detection within last 12 hours: mandi
11/03/2016 19:32:53 - RFID tag detected: mandi
11/03/2016 19:32:53 - Double RFID detection within last 12 hours: mandi
11/03/2016 19:50:02 - RFID tag detected: mandi
11/03/2016 19:50:06 - RFID tag detected: mandi
11/03/2016 19:50:06 - Double RFID detection within last 12 hours: mandi
11/03/2016 19:50:07 - RFID tag detected: mandi
11/03/2016 19:50:07 - Double RFID detection within last 12 hours: mandi
11/03/2016 19:50:21 - RFID tag detected: mandi
11/03/2016 19:50:21 - Double RFID detection within last 12 hours: mandi
11/03/2016 19:50:42 - RFID tag detected: mandi
11/03/2016 19:50:47 - RFID tag detected: mandi
11/03/2016 19:50:47 - Double RFID detection within last 12 hours: mandi
11/03/2016 19:50:50 - RFID tag detected: mandi
11/03/2016 19:50:50 - Double RFID detection within last 12 hours: mandi
11/03/2016 19:56:16 - RFID tag detected: mandi
11/03/2016 19:56:21 - RFID tag detected: mandi
11/03/2016 19:56:21 - Double RFID detection within last 12 hours: mandi
11/03/2016 19:56:23 - RFID tag detected: mandi
11/03/2016 19:56:23 - Double RFID detection within last 12 hours: mandi
11/03/2016 19:56:25 - RFID tag detected: mandi
11/03/2016 19:56:26 - Double RFID detection within last 12 hours: mandi
11/03/2016 19:56:34 - RFID tag detected: mandi
11/03/2016 19:56:34 - Double RFID detection within last 12 hours: mandi
11/03/2016 19:58:22 - RFID tag detected: mandi
11/03/2016 19:58:29 - RFID tag detected: mandi
11/03/2016 19:58:29 - Double RFID detection within last 12 hours: mandi
11/03/2016 19:58:32 - RFID tag detected: mandi
11/03/2016 19:58:32 - Double RFID detection within last 12 hours: mandi
11/03/2016 19:59:33 - RFID tag detected: mandi
11/03/2016 19:59:39 - RFID tag detected: mandi
11/03/2016 19:59:39 - Double RFID detection within last 12 hours: mandi
11/03/2016 19:59:43 - RFID tag detected: mandi
11/03/2016 19:59:43 - Double RFID detection within last 12 hours: mandi
11/03/2016 19:59:49 - RFID tag detected: mandi
11/03/2016 19:59:49 - Double RFID detection within last 12 hours: mandi
11/03/2016 19:59:53 - RFID tag detected: mandi
11/03/2016 19:59:53 - Double RFID detection within last 12 hours: mandi
11/03/2016 19:59:55 - RFID tag detected: mandi
11/03/2016 19:59:55 - Double RFID detection within last 12 hours: mandi
11/03/2016 20:00:31 - RFID tag detected: mandi
11/03/2016 20:10:15 - RFID tag detected: mandi
11/03/2016 20:10:18 - RFID tag detected: mandi
11/03/2016 20:10:18 - Double RFID detection within last 12 hours: mandi
11/03/2016 20:10:21 - RFID tag detected: mandi
11/03/2016 20:10:22 - Double RFID detection within last 12 hours: mandi
11/03/2016 20:10:28 - RFID tag detected: mandi
11/03/2016 20:10:28 - Double RFID detection within last 12 hours: mandi
10/03/2016 11:17:38 - RFID tag detected: pippo
10/03/2016 11:17:38 - Double RFID detection within last 12 hours: pippo
10/03/2016 11:17:38 - Double RFID detection within last 12 hours: pippo
10/03/2016 11:17:38 - Double RFID detection within last 12 hours: pippo
10/03/2016 11:17:38 - Double RFID detection within last 12 hours: pippo
10/03/2016 11:17:38 - Double RFID detection within last 12 hours: pippo
22/03/2016 16:20:41 - RFID tag detected: 31bc572a
